{
  "RSpec": {
    "coverage": {
      "/mnt/g/practice/copyIMDb/copyIMDb/app/controllers/Admins/movies_controller.rb": {
        "lines": [
          1,
          1,
          1,
          1,
          null,
          1,
          1,
          1,
          null,
          0,
          0,
          null,
          null,
          null,
          1,
          2,
          null,
          null,
          1,
          0,
          0,
          0,
          0,
          0,
          null,
          0,
          null,
          null,
          null,
          1,
          null,
          1,
          null,
          1,
          0,
          0,
          0,
          0,
          null,
          0,
          null,
          null,
          null,
          1,
          1,
          1,
          1,
          null,
          null,
          1,
          null,
          1,
          0,
          null,
          null,
          1,
          4,
          null,
          null,
          1,
          1353,
          null,
          null,
          null
        ]
      },
      "/mnt/g/practice/copyIMDb/copyIMDb/app/controllers/application_controller.rb": {
        "lines": [
          1,
          1,
          null
        ]
      },
      "/mnt/g/practice/copyIMDb/copyIMDb/spec/controllers/movies_spec.rb": {
        "lines": [
          1,
          null,
          1,
          1,
          1,
          1,
          null,
          null,
          1,
          2,
          1,
          1,
          null,
          1,
          1,
          null,
          null,
          null,
          1,
          1,
          1,
          1,
          null,
          1,
          1,
          1,
          null,
          null,
          null
        ]
      },
      "/mnt/g/practice/copyIMDb/copyIMDb/app/controllers/movies_controller.rb": {
        "lines": [
          1,
          null,
          1,
          1,
          1,
          1,
          null,
          0,
          0,
          null,
          null,
          null,
          1,
          2,
          2,
          2,
          null,
          0,
          null,
          null,
          null,
          1,
          null,
          1,
          0,
          null,
          null,
          null
        ]
      },
      "/mnt/g/practice/copyIMDb/copyIMDb/spec/models/admin_spec.rb": {
        "lines": [
          1,
          1,
          1,
          null,
          1,
          1,
          null,
          null,
          1,
          1,
          1,
          null,
          null,
          1,
          1,
          1,
          null,
          null,
          1,
          1,
          1,
          null,
          null,
          1,
          1,
          1,
          null,
          null
        ]
      },
      "/mnt/g/practice/copyIMDb/copyIMDb/spec/models/movie_spec.rb": {
        "lines": [
          1,
          1,
          1,
          null,
          1,
          1,
          1,
          null,
          null,
          1,
          1,
          null,
          null,
          1,
          1,
          1,
          null,
          null,
          1,
          1,
          1,
          null,
          null,
          1,
          1,
          1,
          null,
          null,
          1,
          1,
          1,
          null,
          null,
          1,
          1,
          1,
          null,
          null,
          1,
          1,
          1,
          null,
          null,
          1,
          1,
          1,
          null,
          null,
          1,
          1,
          1,
          null,
          null,
          null
        ]
      },
      "/mnt/g/practice/copyIMDb/copyIMDb/app/models/movie.rb": {
        "lines": [
          1,
          1,
          1,
          1,
          null,
          1,
          null,
          1,
          null,
          null,
          null
        ]
      },
      "/mnt/g/practice/copyIMDb/copyIMDb/app/uploaders/preview_uploader.rb": {
        "lines": [
          1,
          null,
          null,
          null,
          null,
          null,
          1,
          null,
          null,
          null,
          null,
          1,
          0,
          null,
          null,
          null,
          null,
          null,
          null,
          null,
          null,
          null,
          null,
          null,
          null,
          null,
          null,
          null,
          null,
          null,
          null,
          null,
          null,
          null,
          null,
          null,
          null,
          1,
          0,
          null,
          null,
          null,
          null,
          null,
          null,
          null,
          null
        ]
      },
      "/mnt/g/practice/copyIMDb/copyIMDb/spec/models/user_spec.rb": {
        "lines": [
          1,
          1,
          1,
          null,
          1,
          1,
          null,
          null,
          1,
          1,
          null,
          null,
          1,
          1,
          1,
          null,
          null,
          1,
          1,
          1,
          null,
          null,
          1,
          1,
          1,
          null,
          null
        ]
      },
      "/mnt/g/practice/copyIMDb/copyIMDb/spec/factories/admins.rb": {
        "lines": [
          1,
          null,
          1,
          3,
          4,
          null,
          null,
          null
        ]
      },
      "/mnt/g/practice/copyIMDb/copyIMDb/spec/factories/categories.rb": {
        "lines": [
          1,
          null,
          1,
          4,
          null,
          null,
          null
        ]
      },
      "/mnt/g/practice/copyIMDb/copyIMDb/spec/factories/movies.rb": {
        "lines": [
          1,
          null,
          1,
          8,
          8,
          12,
          null,
          null,
          null
        ]
      },
      "/mnt/g/practice/copyIMDb/copyIMDb/spec/factories/users.rb": {
        "lines": [
          1,
          null,
          1,
          3,
          4,
          null,
          null,
          null
        ]
      },
      "/mnt/g/practice/copyIMDb/copyIMDb/app/models/category.rb": {
        "lines": [
          1,
          1,
          null
        ]
      },
      "/mnt/g/practice/copyIMDb/copyIMDb/app/models/review.rb": {
        "lines": [
          1,
          1,
          1,
          null,
          null
        ]
      }
    },
    "timestamp": 1647645090
  }
}
